21:43:17 **** Incremental Build of configuration Debug for project Arrays ****
Info: Internal Builder is used for build
gcc -O0 -g3 -Wall -c -fmessage-length=0 -o "src\\Arrays.o" "..\\src\\Arrays.c" 
..\src\Arrays.c: In function 'main':
..\src\Arrays.c:10:15: warning: 'array' is used uninitialized in this function [-Wuninitialized]
   10 |  int* array = initArray(array, size);
      |               ^~~~~~~~~~~~~~~~~~~~~~
gcc -o Arrays.exe "src\\Arrays.o" "src\\ArraysFunctions.o" "src\\SearchFunctions.o" "src\\SortFunctions.o" 
22:08:25 **** Incremental Build of configuration Debug for project Arrays ****
Info: Internal Builder is used for build
gcc -O0 -g3 -Wall -c -fmessage-length=0 -o "src\\Arrays.o" "..\\src\\Arrays.c" 
..\src\Arrays.c: In function 'main':
..\src\Arrays.c:11:15: warning: 'array' is used uninitialized in this function [-Wuninitialized]
   11 |  int* array = initArray(array, size);
      |               ^~~~~~~~~~~~~~~~~~~~~~
gcc -o Arrays.exe "src\\Arrays.o" "src\\ArraysFunctions.o" "src\\SearchFunctions.o" "src\\SortFunctions.o" 
22:08:33 **** Incremental Build of configuration Debug for project Arrays ****
Info: Internal Builder is used for build
gcc -O0 -g3 -Wall -c -fmessage-length=0 -o "src\\Arrays.o" "..\\src\\Arrays.c" 
..\src\Arrays.c: In function 'main':
..\src\Arrays.c:11:15: warning: 'array' is used uninitialized in this function [-Wuninitialized]
   11 |  int* array = initArray(array, size);
      |               ^~~~~~~~~~~~~~~~~~~~~~
gcc -o Arrays.exe "src\\Arrays.o" "src\\ArraysFunctions.o" "src\\SearchFunctions.o" "src\\SortFunctions.o" 
22:08:41 **** Incremental Build of configuration Debug for project Arrays ****
Info: Internal Builder is used for build
gcc -O0 -g3 -Wall -c -fmessage-length=0 -o "src\\Arrays.o" "..\\src\\Arrays.c" 
..\src\Arrays.c: In function 'main':
..\src\Arrays.c:11:15: warning: 'array' is used uninitialized in this function [-Wuninitialized]
   11 |  int* array = initArray(array, size);
      |               ^~~~~~~~~~~~~~~~~~~~~~
gcc -o Arrays.exe "src\\Arrays.o" "src\\ArraysFunctions.o" "src\\SearchFunctions.o" "src\\SortFunctions.o" 
22:10:16 **** Incremental Build of configuration Debug for project Arrays ****
Info: Internal Builder is used for build
gcc -O0 -g3 -Wall -c -fmessage-length=0 -o "src\\Arrays.o" "..\\src\\Arrays.c" 
..\src\Arrays.c: In function 'main':
..\src\Arrays.c:11:15: warning: 'array' is used uninitialized in this function [-Wuninitialized]
   11 |  int* array = initArray(array, size);
      |               ^~~~~~~~~~~~~~~~~~~~~~
gcc -o Arrays.exe "src\\Arrays.o" "src\\ArraysFunctions.o" "src\\SearchFunctions.o" "src\\SortFunctions.o" 
22:11:01 **** Incremental Build of configuration Debug for project Arrays ****
Info: Internal Builder is used for build
gcc -O0 -g3 -Wall -c -fmessage-length=0 -o "src\\Arrays.o" "..\\src\\Arrays.c" 
..\src\Arrays.c: In function 'main':
..\src\Arrays.c:11:15: warning: 'array' is used uninitialized in this function [-Wuninitialized]
   11 |  int* array = initArray(array, size);
      |               ^~~~~~~~~~~~~~~~~~~~~~
gcc -o Arrays.exe "src\\Arrays.o" "src\\ArraysFunctions.o" "src\\SearchFunctions.o" "src\\SortFunctions.o" 
22:11:09 **** Incremental Build of configuration Debug for project Arrays ****
Info: Internal Builder is used for build
gcc -O0 -g3 -Wall -c -fmessage-length=0 -o "src\\Arrays.o" "..\\src\\Arrays.c" 
..\src\Arrays.c: In function 'main':
..\src\Arrays.c:11:15: warning: 'array' is used uninitialized in this function [-Wuninitialized]
   11 |  int* array = initArray(array, size);
      |               ^~~~~~~~~~~~~~~~~~~~~~
gcc -o Arrays.exe "src\\Arrays.o" "src\\ArraysFunctions.o" "src\\SearchFunctions.o" "src\\SortFunctions.o" 
22:11:14 **** Incremental Build of configuration Debug for project Arrays ****
Info: Internal Builder is used for build
gcc -O0 -g3 -Wall -c -fmessage-length=0 -o "src\\Arrays.o" "..\\src\\Arrays.c" 
..\src\Arrays.c: In function 'main':
..\src\Arrays.c:11:15: warning: 'array' is used uninitialized in this function [-Wuninitialized]
   11 |  int* array = initArray(array, size);
      |               ^~~~~~~~~~~~~~~~~~~~~~
gcc -o Arrays.exe "src\\Arrays.o" "src\\ArraysFunctions.o" "src\\SearchFunctions.o" "src\\SortFunctions.o" 
22:11:48 **** Incremental Build of configuration Debug for project Arrays ****
Info: Internal Builder is used for build
gcc -O0 -g3 -Wall -c -fmessage-length=0 -o "src\\Arrays.o" "..\\src\\Arrays.c" 
..\src\Arrays.c: In function 'main':
..\src\Arrays.c:11:15: warning: 'array' is used uninitialized in this function [-Wuninitialized]
   11 |  int* array = initArray(array, size);
      |               ^~~~~~~~~~~~~~~~~~~~~~
gcc -o Arrays.exe "src\\Arrays.o" "src\\ArraysFunctions.o" "src\\SearchFunctions.o" "src\\SortFunctions.o" 
22:12:07 **** Incremental Build of configuration Debug for project Arrays ****
Info: Internal Builder is used for build
gcc -O0 -g3 -Wall -c -fmessage-length=0 -o "src\\Arrays.o" "..\\src\\Arrays.c" 
..\src\Arrays.c: In function 'main':
..\src\Arrays.c:11:15: warning: 'array' is used uninitialized in this function [-Wuninitialized]
   11 |  int* array = initArray(array, size);
      |               ^~~~~~~~~~~~~~~~~~~~~~
gcc -o Arrays.exe "src\\Arrays.o" "src\\ArraysFunctions.o" "src\\SearchFunctions.o" "src\\SortFunctions.o" 
22:12:13 **** Incremental Build of configuration Debug for project Arrays ****
Info: Internal Builder is used for build
gcc -O0 -g3 -Wall -c -fmessage-length=0 -o "src\\Arrays.o" "..\\src\\Arrays.c" 
..\src\Arrays.c: In function 'main':
..\src\Arrays.c:11:15: warning: 'array' is used uninitialized in this function [-Wuninitialized]
   11 |  int* array = initArray(array, size);
      |               ^~~~~~~~~~~~~~~~~~~~~~
gcc -o Arrays.exe "src\\Arrays.o" "src\\ArraysFunctions.o" "src\\SearchFunctions.o" "src\\SortFunctions.o" 
22:12:22 **** Incremental Build of configuration Debug for project Arrays ****
Info: Internal Builder is used for build
gcc -O0 -g3 -Wall -c -fmessage-length=0 -o "src\\Arrays.o" "..\\src\\Arrays.c" 
..\src\Arrays.c: In function 'main':
..\src\Arrays.c:11:15: warning: 'array' is used uninitialized in this function [-Wuninitialized]
   11 |  int* array = initArray(array, size);
      |               ^~~~~~~~~~~~~~~~~~~~~~
gcc -o Arrays.exe "src\\Arrays.o" "src\\ArraysFunctions.o" "src\\SearchFunctions.o" "src\\SortFunctions.o" 
22:12:56 **** Incremental Build of configuration Debug for project Arrays ****
Info: Internal Builder is used for build
gcc -O0 -g3 -Wall -c -fmessage-length=0 -o "src\\Arrays.o" "..\\src\\Arrays.c" 
..\src\Arrays.c: In function 'main':
..\src\Arrays.c:15:2: error: too many arguments to function 'BubbleSort'
   15 |  BubbleSort(array, size, 1000);
      |  ^~~~~~~~~~
In file included from ..\src\Arrays.c:5:
..\src\SortFunctions.h:5:6: note: declared here
    5 | void BubbleSort(int* array, int len);
      |      ^~~~~~~~~~
22:13:04 **** Incremental Build of configuration Debug for project Arrays ****
Info: Internal Builder is used for build
gcc -O0 -g3 -Wall -c -fmessage-length=0 -o "src\\Arrays.o" "..\\src\\Arrays.c" 
..\src\Arrays.c: In function 'main':
..\src\Arrays.c:11:15: warning: 'array' is used uninitialized in this function [-Wuninitialized]
   11 |  int* array = initArray(array, size);
      |               ^~~~~~~~~~~~~~~~~~~~~~
gcc -o Arrays.exe "src\\Arrays.o" "src\\ArraysFunctions.o" "src\\SearchFunctions.o" "src\\SortFunctions.o" 
22:14:43 **** Incremental Build of configuration Debug for project Arrays ****
Info: Internal Builder is used for build
gcc -O0 -g3 -Wall -c -fmessage-length=0 -o "src\\Arrays.o" "..\\src\\Arrays.c" 
..\src\Arrays.c: In function 'main':
..\src\Arrays.c:11:15: warning: 'array' is used uninitialized in this function [-Wuninitialized]
   11 |  int* array = initArray(array, size);
      |               ^~~~~~~~~~~~~~~~~~~~~~
gcc -o Arrays.exe "src\\Arrays.o" "src\\ArraysFunctions.o" "src\\SearchFunctions.o" "src\\SortFunctions.o" 
22:15:46 **** Incremental Build of configuration Debug for project Arrays ****
Info: Internal Builder is used for build
gcc -O0 -g3 -Wall -c -fmessage-length=0 -o "src\\Arrays.o" "..\\src\\Arrays.c" 
..\src\Arrays.c: In function 'main':
..\src\Arrays.c:11:15: warning: 'array' is used uninitialized in this function [-Wuninitialized]
   11 |  int* array = initArray(array, size);
      |               ^~~~~~~~~~~~~~~~~~~~~~
gcc -o Arrays.exe "src\\Arrays.o" "src\\ArraysFunctions.o" "src\\SearchFunctions.o" "src\\SortFunctions.o" 
22:17:58 **** Incremental Build of configuration Debug for project Arrays ****
Info: Internal Builder is used for build
gcc -O0 -g3 -Wall -c -fmessage-length=0 -o "src\\Arrays.o" "..\\src\\Arrays.c" 
..\src\Arrays.c: In function 'main':
..\src\Arrays.c:11:15: warning: 'array' is used uninitialized in this function [-Wuninitialized]
   11 |  int* array = initArray(array, size);
      |               ^~~~~~~~~~~~~~~~~~~~~~
gcc -o Arrays.exe "src\\Arrays.o" "src\\ArraysFunctions.o" "src\\SearchFunctions.o" "src\\SortFunctions.o" 
22:18:20 **** Incremental Build of configuration Debug for project Arrays ****
Info: Internal Builder is used for build
gcc -O0 -g3 -Wall -c -fmessage-length=0 -o "src\\Arrays.o" "..\\src\\Arrays.c" 
..\src\Arrays.c: In function 'main':
..\src\Arrays.c:15:2: warning: implicit declaration of function 'CountingSortt'; did you mean 'CountingSort'? [-Wimplicit-function-declaration]
   15 |  CountingSortt(array, size, 1000);
      |  ^~~~~~~~~~~~~
      |  CountingSort
..\src\Arrays.c:11:15: warning: 'array' is used uninitialized in this function [-Wuninitialized]
   11 |  int* array = initArray(array, size);
      |               ^~~~~~~~~~~~~~~~~~~~~~
gcc -o Arrays.exe "src\\Arrays.o" "src\\ArraysFunctions.o" "src\\SearchFunctions.o" "src\\SortFunctions.o" 
C:/dev/bin/../lib/gcc/x86_64-w64-mingw32/9.2.0/../../../../x86_64-w64-mingw32/bin/ld.exe: src\Arrays.o: in function `main':
E:\Algorithms\Arrays\Debug/../src/Arrays.c:15: undefined reference to `CountingSortt'
collect2.exe: error: ld returned 1 exit status
22:18:27 **** Incremental Build of configuration Debug for project Arrays ****
Info: Internal Builder is used for build
gcc -O0 -g3 -Wall -c -fmessage-length=0 -o "src\\Arrays.o" "..\\src\\Arrays.c" 
..\src\Arrays.c: In function 'main':
..\src\Arrays.c:11:15: warning: 'array' is used uninitialized in this function [-Wuninitialized]
   11 |  int* array = initArray(array, size);
      |               ^~~~~~~~~~~~~~~~~~~~~~
gcc -o Arrays.exe "src\\Arrays.o" "src\\ArraysFunctions.o" "src\\SearchFunctions.o" "src\\SortFunctions.o" 
22:18:33 **** Incremental Build of configuration Debug for project Arrays ****
Info: Internal Builder is used for build
gcc -O0 -g3 -Wall -c -fmessage-length=0 -o "src\\Arrays.o" "..\\src\\Arrays.c" 
..\src\Arrays.c: In function 'main':
..\src\Arrays.c:11:15: warning: 'array' is used uninitialized in this function [-Wuninitialized]
   11 |  int* array = initArray(array, size);
      |               ^~~~~~~~~~~~~~~~~~~~~~
gcc -o Arrays.exe "src\\Arrays.o" "src\\ArraysFunctions.o" "src\\SearchFunctions.o" "src\\SortFunctions.o" 
Info: Nothing to build for Arrays
22:18:51 **** Incremental Build of configuration Debug for project Arrays ****
Info: Internal Builder is used for build
gcc -O0 -g3 -Wall -c -fmessage-length=0 -o "src\\Arrays.o" "..\\src\\Arrays.c" 
..\src\Arrays.c: In function 'main':
..\src\Arrays.c:15:2: error: too many arguments to function 'BubbleSort'
   15 |  BubbleSort(array, size, 1000);
      |  ^~~~~~~~~~
In file included from ..\src\Arrays.c:5:
..\src\SortFunctions.h:5:6: note: declared here
    5 | void BubbleSort(int* array, int len);
      |      ^~~~~~~~~~
22:18:59 **** Incremental Build of configuration Debug for project Arrays ****
Info: Internal Builder is used for build
gcc -O0 -g3 -Wall -c -fmessage-length=0 -o "src\\Arrays.o" "..\\src\\Arrays.c" 
..\src\Arrays.c: In function 'main':
..\src\Arrays.c:11:15: warning: 'array' is used uninitialized in this function [-Wuninitialized]
   11 |  int* array = initArray(array, size);
      |               ^~~~~~~~~~~~~~~~~~~~~~
gcc -o Arrays.exe "src\\Arrays.o" "src\\ArraysFunctions.o" "src\\SearchFunctions.o" "src\\SortFunctions.o" 
22:22:04 **** Incremental Build of configuration Debug for project Arrays ****
Info: Internal Builder is used for build
gcc -O0 -g3 -Wall -c -fmessage-length=0 -o "src\\Arrays.o" "..\\src\\Arrays.c" 
..\src\Arrays.c: In function 'main':
..\src\Arrays.c:11:15: warning: 'array' is used uninitialized in this function [-Wuninitialized]
   11 |  int* array = initArray(array, size);
      |               ^~~~~~~~~~~~~~~~~~~~~~
gcc -o Arrays.exe "src\\Arrays.o" "src\\ArraysFunctions.o" "src\\SearchFunctions.o" "src\\SortFunctions.o" 
22:23:06 **** Incremental Build of configuration Debug for project Arrays ****
Info: Internal Builder is used for build
gcc -O0 -g3 -Wall -c -fmessage-length=0 -o "src\\Arrays.o" "..\\src\\Arrays.c" 
..\src\Arrays.c: In function 'main':
..\src\Arrays.c:11:15: warning: 'array' is used uninitialized in this function [-Wuninitialized]
   11 |  int* array = initArray(array, size);
      |               ^~~~~~~~~~~~~~~~~~~~~~
gcc -o Arrays.exe "src\\Arrays.o" "src\\ArraysFunctions.o" "src\\SearchFunctions.o" "src\\SortFunctions.o" 
22:23:23 **** Incremental Build of configuration Debug for project Arrays ****
Info: Internal Builder is used for build
gcc -O0 -g3 -Wall -c -fmessage-length=0 -o "src\\Arrays.o" "..\\src\\Arrays.c" 
..\src\Arrays.c: In function 'main':
..\src\Arrays.c:11:15: warning: 'array' is used uninitialized in this function [-Wuninitialized]
   11 |  int* array = initArray(array, size);
      |               ^~~~~~~~~~~~~~~~~~~~~~
gcc -o Arrays.exe "src\\Arrays.o" "src\\ArraysFunctions.o" "src\\SearchFunctions.o" "src\\SortFunctions.o" 
22:23:44 **** Incremental Build of configuration Debug for project Arrays ****
Info: Internal Builder is used for build
gcc -O0 -g3 -Wall -c -fmessage-length=0 -o "src\\Arrays.o" "..\\src\\Arrays.c" 
..\src\Arrays.c: In function 'main':
..\src\Arrays.c:11:15: warning: 'array' is used uninitialized in this function [-Wuninitialized]
   11 |  int* array = initArray(array, size);
      |               ^~~~~~~~~~~~~~~~~~~~~~
gcc -o Arrays.exe "src\\Arrays.o" "src\\ArraysFunctions.o" "src\\SearchFunctions.o" "src\\SortFunctions.o" 
22:23:54 **** Incremental Build of configuration Debug for project Arrays ****
Info: Internal Builder is used for build
gcc -O0 -g3 -Wall -c -fmessage-length=0 -o "src\\Arrays.o" "..\\src\\Arrays.c" 
..\src\Arrays.c: In function 'main':
..\src\Arrays.c:11:15: warning: 'array' is used uninitialized in this function [-Wuninitialized]
   11 |  int* array = initArray(array, size);
      |               ^~~~~~~~~~~~~~~~~~~~~~
gcc -o Arrays.exe "src\\Arrays.o" "src\\ArraysFunctions.o" "src\\SearchFunctions.o" "src\\SortFunctions.o" 
22:24:07 **** Incremental Build of configuration Debug for project Arrays ****
Info: Internal Builder is used for build
gcc -O0 -g3 -Wall -c -fmessage-length=0 -o "src\\Arrays.o" "..\\src\\Arrays.c" 
..\src\Arrays.c: In function 'main':
..\src\Arrays.c:11:15: warning: 'array' is used uninitialized in this function [-Wuninitialized]
   11 |  int* array = initArray(array, size);
      |               ^~~~~~~~~~~~~~~~~~~~~~
gcc -o Arrays.exe "src\\Arrays.o" "src\\ArraysFunctions.o" "src\\SearchFunctions.o" "src\\SortFunctions.o" 
22:24:21 **** Incremental Build of configuration Debug for project Arrays ****
Info: Internal Builder is used for build
gcc -O0 -g3 -Wall -c -fmessage-length=0 -o "src\\Arrays.o" "..\\src\\Arrays.c" 
..\src\Arrays.c: In function 'main':
..\src\Arrays.c:11:15: warning: 'array' is used uninitialized in this function [-Wuninitialized]
   11 |  int* array = initArray(array, size);
      |               ^~~~~~~~~~~~~~~~~~~~~~
gcc -o Arrays.exe "src\\Arrays.o" "src\\ArraysFunctions.o" "src\\SearchFunctions.o" "src\\SortFunctions.o" 
22:27:32 **** Incremental Build of configuration Debug for project Arrays ****
Info: Internal Builder is used for build
gcc -O0 -g3 -Wall -c -fmessage-length=0 -o "src\\Arrays.o" "..\\src\\Arrays.c" 
..\src\Arrays.c: In function 'main':
..\src\Arrays.c:11:15: warning: 'array' is used uninitialized in this function [-Wuninitialized]
   11 |  int* array = initArray(array, size);
      |               ^~~~~~~~~~~~~~~~~~~~~~
gcc -o Arrays.exe "src\\Arrays.o" "src\\ArraysFunctions.o" "src\\SearchFunctions.o" "src\\SortFunctions.o" 
22:27:48 **** Incremental Build of configuration Debug for project Arrays ****
Info: Internal Builder is used for build
gcc -O0 -g3 -Wall -c -fmessage-length=0 -o "src\\Arrays.o" "..\\src\\Arrays.c" 
..\src\Arrays.c: In function 'main':
..\src\Arrays.c:11:15: warning: 'array' is used uninitialized in this function [-Wuninitialized]
   11 |  int* array = initArray(array, size);
      |               ^~~~~~~~~~~~~~~~~~~~~~
gcc -o Arrays.exe "src\\Arrays.o" "src\\ArraysFunctions.o" "src\\SearchFunctions.o" "src\\SortFunctions.o" 
22:28:06 **** Incremental Build of configuration Debug for project Arrays ****
Info: Internal Builder is used for build
gcc -O0 -g3 -Wall -c -fmessage-length=0 -o "src\\Arrays.o" "..\\src\\Arrays.c" 
..\src\Arrays.c: In function 'main':
..\src\Arrays.c:11:15: warning: 'array' is used uninitialized in this function [-Wuninitialized]
   11 |  int* array = initArray(array, size);
      |               ^~~~~~~~~~~~~~~~~~~~~~
gcc -o Arrays.exe "src\\Arrays.o" "src\\ArraysFunctions.o" "src\\SearchFunctions.o" "src\\SortFunctions.o" 
22:28:18 **** Incremental Build of configuration Debug for project Arrays ****
Info: Internal Builder is used for build
gcc -O0 -g3 -Wall -c -fmessage-length=0 -o "src\\Arrays.o" "..\\src\\Arrays.c" 
..\src\Arrays.c: In function 'main':
..\src\Arrays.c:11:15: warning: 'array' is used uninitialized in this function [-Wuninitialized]
   11 |  int* array = initArray(array, size);
      |               ^~~~~~~~~~~~~~~~~~~~~~
gcc -o Arrays.exe "src\\Arrays.o" "src\\ArraysFunctions.o" "src\\SearchFunctions.o" "src\\SortFunctions.o" 
22:28:33 **** Incremental Build of configuration Debug for project Arrays ****
Info: Internal Builder is used for build
gcc -O0 -g3 -Wall -c -fmessage-length=0 -o "src\\Arrays.o" "..\\src\\Arrays.c" 
..\src\Arrays.c: In function 'main':
..\src\Arrays.c:11:15: warning: 'array' is used uninitialized in this function [-Wuninitialized]
   11 |  int* array = initArray(array, size);
      |               ^~~~~~~~~~~~~~~~~~~~~~
gcc -o Arrays.exe "src\\Arrays.o" "src\\ArraysFunctions.o" "src\\SearchFunctions.o" "src\\SortFunctions.o" 
22:45:04 **** Incremental Build of configuration Debug for project Arrays ****
Info: Internal Builder is used for build
gcc -O0 -g3 -Wall -c -fmessage-length=0 -o "src\\Arrays.o" "..\\src\\Arrays.c" 
..\src\Arrays.c: In function 'main':
..\src\Arrays.c:11:15: warning: 'array' is used uninitialized in this function [-Wuninitialized]
   11 |  int* array = initArray(array, size);
      |               ^~~~~~~~~~~~~~~~~~~~~~
gcc -o Arrays.exe "src\\Arrays.o" "src\\ArraysFunctions.o" "src\\SearchFunctions.o" "src\\SortFunctions.o" 
